<?xml version="1.0" encoding="UTF-8"?>
<!-- Generated by org.testng.reporters.JUnitReportReporter -->
<testsuite hostname="DESKTOP-IRKUS2Q" failures="0" tests="1" name="testcases.Excelsheet" time="1.670" errors="0" timestamp="2023-09-05T23:13:38 IST" skipped="0">
  <testcase classname="testcases.Excelsheet" name="m1" time="1.670"/>
</testsuite> <!-- testcases.Excelsheet -->
