<?xml version="1.0" encoding="UTF-8"?>
<!-- Generated by org.testng.reporters.JUnitReportReporter -->
<testsuite hostname="DESKTOP-IRKUS2Q" failures="0" tests="1" name="Demo.SatyaMavenproject.B" time="10.502" errors="0" timestamp="2023-09-01T20:54:46 IST" skipped="0">
  <testcase classname="Demo.SatyaMavenproject.B" name="launchbrowser" time="10.502"/>
</testsuite> <!-- Demo.SatyaMavenproject.B -->
