<?xml version="1.0" encoding="UTF-8"?>
<!-- Generated by org.testng.reporters.JUnitReportReporter -->
<testsuite hostname="DESKTOP-IRKUS2Q" failures="0" tests="1" name="testcases.Verifylogin" time="19.822" errors="0" timestamp="2023-09-11T16:17:21 IST" skipped="0">
  <testcase classname="testcases.Verifylogin" name="login" time="19.822"/>
</testsuite> <!-- testcases.Verifylogin -->
