<?xml version="1.0" encoding="UTF-8"?>
<!-- Generated by org.testng.reporters.JUnitReportReporter -->
<testsuite hostname="DESKTOP-IRKUS2Q" failures="0" tests="1" name="testcases.Handlinglinks" time="50.031" errors="0" timestamp="2023-09-02T21:47:47 IST" skipped="0">
  <testcase classname="testcases.Handlinglinks" name="printlinks" time="50.031"/>
</testsuite> <!-- testcases.Handlinglinks -->
