<?xml version="1.0" encoding="UTF-8"?>
<!-- Generated by org.testng.reporters.JUnitReportReporter -->
<testsuite hostname="DESKTOP-IRKUS2Q" failures="0" tests="1" name="testcases.Sceenshot" time="20.654" errors="0" timestamp="2023-09-06T20:38:13 IST" skipped="0">
  <testcase classname="testcases.Sceenshot" name="snapshot" time="20.654"/>
</testsuite> <!-- testcases.Sceenshot -->
